<?xml version="1.0" encoding="utf-8"?><testsuites name="pytest tests"><testsuite name="pytest" errors="0" failures="0" skipped="0" tests="30" time="15.995" timestamp="2026-04-18T05:02:51.257106+00:00" hostname="agent-env-1c2fa28a-5ff8-4349-be84-8c674f1a1b3b"><testcase classname="backend.tests.test_viewclip_api.TestAuth" name="test_admin_login_success" time="0.534" /><testcase classname="backend.tests.test_viewclip_api.TestAuth" name="test_login_invalid_credentials" time="0.352" /><testcase classname="backend.tests.test_viewclip_api.TestAuth" name="test_register_viewer" time="0.336" /><testcase classname="backend.tests.test_viewclip_api.TestAuth" name="test_register_streamer" time="0.330" /><testcase classname="backend.tests.test_viewclip_api.TestAuth" name="test_register_duplicate_email" time="0.116" /><testcase classname="backend.tests.test_viewclip_api.TestGiftTiers" name="test_get_gift_tiers" time="0.105" /><testcase classname="backend.tests.test_viewclip_api.TestGiftTiers" name="test_gift_tier_prices" time="0.140" /><testcase classname="backend.tests.test_viewclip_api.TestGiftTiers" name="test_gift_tier_values" time="0.114" /><testcase classname="backend.tests.test_viewclip_api.TestGiftWallet" name="test_get_wallet_authenticated" time="0.439" /><testcase classname="backend.tests.test_viewclip_api.TestGiftWallet" name="test_get_wallet_unauthenticated" time="0.104" /><testcase classname="backend.tests.test_viewclip_api.TestPaymentsCheckout" name="test_checkout_subscribe_viewer" time="1.095" /><testcase classname="backend.tests.test_viewclip_api.TestPaymentsCheckout" name="test_checkout_subscribe_streamer" time="0.928" /><testcase classname="backend.tests.test_viewclip_api.TestPaymentsCheckout" name="test_checkout_gift_bundle_all_tiers" time="4.333" /><testcase classname="backend.tests.test_viewclip_api.TestPaymentsCheckout" name="test_checkout_invalid_tier" time="0.443" /><testcase classname="backend.tests.test_viewclip_api.TestAdminSettings" name="test_get_admin_settings" time="0.440" /><testcase classname="backend.tests.test_viewclip_api.TestAdminSettings" name="test_update_admin_settings" time="0.560" /><testcase classname="backend.tests.test_viewclip_api.TestAdminSettings" name="test_admin_settings_requires_admin" time="0.452" /><testcase classname="backend.tests.test_viewclip_api.TestAdminStats" name="test_get_admin_stats" time="0.445" /><testcase classname="backend.tests.test_viewclip_api.TestAdminUsers" name="test_get_admin_users" time="0.438" /><testcase classname="backend.tests.test_viewclip_api.TestAdminPayouts" name="test_trigger_payouts" time="0.509" /><testcase classname="backend.tests.test_viewclip_api.TestAdminPayouts" name="test_list_payouts" time="0.421" /><testcase classname="backend.tests.test_viewclip_api.TestPromos" name="test_list_promos" time="0.096" /><testcase classname="backend.tests.test_viewclip_api.TestPromos" name="test_create_and_delete_promo" time="0.553" /><testcase classname="backend.tests.test_viewclip_api.TestPromos" name="test_create_promo_requires_admin" time="0.421" /><testcase classname="backend.tests.test_viewclip_api.TestStreams" name="test_list_streams" time="0.106" /><testcase classname="backend.tests.test_viewclip_api.TestStreams" name="test_create_stream_as_admin" time="0.563" /><testcase classname="backend.tests.test_viewclip_api.TestStreams" name="test_create_stream_requires_streamer_sub" time="0.445" /><testcase classname="backend.tests.test_viewclip_api.TestStreamerConnect" name="test_connect_onboard_mock" time="0.443" /><testcase classname="backend.tests.test_viewclip_api.TestStreamerConnect" name="test_connect_onboard_requires_streamer" time="0.446" /><testcase classname="backend.tests.test_viewclip_api.TestWebhook" name="test_webhook_endpoint_exists" time="0.154" /></testsuite></testsuites>