<?xml version="1.0" encoding="utf-8"?><testsuites name="pytest tests"><testsuite name="pytest" errors="0" failures="1" skipped="0" tests="28" time="9.264" timestamp="2026-04-18T05:43:28.175303+00:00" hostname="agent-env-1c2fa28a-5ff8-4349-be84-8c674f1a1b3b"><testcase classname="backend.tests.test_viewclip_iteration3.TestReferrals" name="test_get_my_referrals" time="0.591" /><testcase classname="backend.tests.test_viewclip_iteration3.TestReferrals" name="test_referral_leaderboard_public" time="0.097" /><testcase classname="backend.tests.test_viewclip_iteration3.TestReferrals" name="test_validate_referral_code_valid" time="0.236" /><testcase classname="backend.tests.test_viewclip_iteration3.TestReferrals" name="test_validate_referral_code_invalid" time="0.127" /><testcase classname="backend.tests.test_viewclip_iteration3.TestReferrals" name="test_register_with_valid_referral_code" time="0.498" /><testcase classname="backend.tests.test_viewclip_iteration3.TestReferrals" name="test_register_with_invalid_referral_code" time="0.329" /><testcase classname="backend.tests.test_viewclip_iteration3.TestFollowUnfollow" name="test_follow_streamer" time="0.556" /><testcase classname="backend.tests.test_viewclip_iteration3.TestFollowUnfollow" name="test_follow_idempotent" time="0.614" /><testcase classname="backend.tests.test_viewclip_iteration3.TestFollowUnfollow" name="test_follow_status" time="0.547" /><testcase classname="backend.tests.test_viewclip_iteration3.TestFollowUnfollow" name="test_unfollow_streamer" time="0.531" /><testcase classname="backend.tests.test_viewclip_iteration3.TestFollowUnfollow" name="test_my_follows" time="0.646" /><testcase classname="backend.tests.test_viewclip_iteration3.TestFollowUnfollow" name="test_cannot_follow_self" time="0.107" /><testcase classname="backend.tests.test_viewclip_iteration3.TestNotifications" name="test_get_notifications" time="0.105" /><testcase classname="backend.tests.test_viewclip_iteration3.TestNotifications" name="test_mark_notification_read" time="0.269" /><testcase classname="backend.tests.test_viewclip_iteration3.TestNotifications" name="test_mark_all_notifications_read" time="0.100" /><testcase classname="backend.tests.test_viewclip_iteration3.TestNotifications" name="test_follow_creates_notification" time="0.539" /><testcase classname="backend.tests.test_viewclip_iteration3.TestSearch" name="test_search_returns_structure" time="0.110" /><testcase classname="backend.tests.test_viewclip_iteration3.TestSearch" name="test_search_short_query_returns_empty" time="0.097" /><testcase classname="backend.tests.test_viewclip_iteration3.TestSearch" name="test_search_case_insensitive" time="0.104" /><testcase classname="backend.tests.test_viewclip_iteration3.TestTrending" name="test_trending_returns_structure" time="0.102" /><testcase classname="backend.tests.test_viewclip_iteration3.TestTrending" name="test_trending_limits" time="0.123" /><testcase classname="backend.tests.test_viewclip_iteration3.TestStreamerAnalytics" name="test_analytics_returns_structure" time="0.114" /><testcase classname="backend.tests.test_viewclip_iteration3.TestStreamerAnalytics" name="test_analytics_requires_streamer_role" time="0.434" /><testcase classname="backend.tests.test_viewclip_iteration3.TestHeartbeat" name="test_heartbeat_accumulates_minutes" time="0.333" /><testcase classname="backend.tests.test_viewclip_iteration3.TestHeartbeat" name="test_heartbeat_increments" time="0.585" /><testcase classname="backend.tests.test_viewclip_iteration3.TestHeartbeat" name="test_legacy_qualified_view_endpoint" time="0.314" /><testcase classname="backend.tests.test_viewclip_iteration3.TestGiftNotification" name="test_gift_creates_notification" time="0.185"><failure message="AssertionError: Unexpected status: 403&#10;assert 403 in [200, 400]&#10; +  where 403 = &lt;Response [403]&gt;.status_code">backend/tests/test_viewclip_iteration3.py:556: in test_gift_creates_notification
    assert gift_response.status_code in [200, 400], f"Unexpected status: {gift_response.status_code}"
E   AssertionError: Unexpected status: 403
E   assert 403 in [200, 400]
E    +  where 403 = &lt;Response [403]&gt;.status_code</failure></testcase><testcase classname="backend.tests.test_viewclip_iteration3.TestStreamLiveNotification" name="test_stream_create_notifies_followers" time="0.748" /></testsuite></testsuites>