<?xml version="1.0" encoding="utf-8"?><testsuites name="pytest tests"><testsuite name="pytest" errors="0" failures="0" skipped="0" tests="24" time="10.427" timestamp="2026-04-18T07:27:41.702788+00:00" hostname="agent-env-1c2fa28a-5ff8-4349-be84-8c674f1a1b3b"><testcase classname="backend.tests.test_viewclip_iteration6.Test2FAStatus" name="test_2fa_status_returns_enabled_false_initially" time="0.669" /><testcase classname="backend.tests.test_viewclip_iteration6.Test2FAStatus" name="test_2fa_status_requires_admin" time="0.469" /><testcase classname="backend.tests.test_viewclip_iteration6.Test2FASetup" name="test_2fa_setup_returns_secret_and_qr" time="0.122" /><testcase classname="backend.tests.test_viewclip_iteration6.Test2FASetup" name="test_2fa_setup_stores_pending_secret" time="0.216" /><testcase classname="backend.tests.test_viewclip_iteration6.Test2FAEnable" name="test_2fa_enable_wrong_code_returns_401" time="0.270" /><testcase classname="backend.tests.test_viewclip_iteration6.Test2FAEnable" name="test_2fa_enable_correct_code_succeeds" time="0.396" /><testcase classname="backend.tests.test_viewclip_iteration6.TestAdminLoginWith2FA" name="test_admin_login_without_totp_returns_require_2fa" time="0.430" /><testcase classname="backend.tests.test_viewclip_iteration6.TestAdminLoginWith2FA" name="test_admin_login_with_correct_totp_succeeds" time="1.654" /><testcase classname="backend.tests.test_viewclip_iteration6.TestAdminLoginWith2FA" name="test_admin_login_with_bad_totp_returns_401" time="0.546" /><testcase classname="backend.tests.test_viewclip_iteration6.Test2FADisable" name="test_2fa_disable_with_correct_code_succeeds" time="2.601" /><testcase classname="backend.tests.test_viewclip_iteration6.TestAdminLoginRegression" name="test_admin_login_no_2fa_works" time="0.587" /><testcase classname="backend.tests.test_viewclip_iteration6.TestIPAllowlist" name="test_health_shows_ip_allowlist_disabled" time="0.103" /><testcase classname="backend.tests.test_viewclip_iteration6.TestVersionCheck" name="test_version_1_3_0" time="0.105" /><testcase classname="backend.tests.test_viewclip_iteration6.TestRegressionIteration5" name="test_health_shows_stripe_mode" time="0.103" /><testcase classname="backend.tests.test_viewclip_iteration6.TestRegressionIteration5" name="test_health_shows_livestream_mode" time="0.101" /><testcase classname="backend.tests.test_viewclip_iteration6.TestRegressionIteration5" name="test_system_health_3_layers" time="0.113" /><testcase classname="backend.tests.test_viewclip_iteration6.TestRegressionIteration5" name="test_firewall_rate_limit" time="0.133" /><testcase classname="backend.tests.test_viewclip_iteration6.TestRegressionIteration5" name="test_connect_onboard_mock" time="0.418" /><testcase classname="backend.tests.test_viewclip_iteration6.TestRegressionIteration5" name="test_subscription_checkout" time="0.657" /><testcase classname="backend.tests.test_viewclip_iteration6.TestRegressionIteration5" name="test_promos_exist" time="0.100" /><testcase classname="backend.tests.test_viewclip_iteration6.TestRegressionIteration5" name="test_gift_tiers" time="0.096" /><testcase classname="backend.tests.test_viewclip_iteration6.TestRegressionIteration5" name="test_content_list" time="0.106" /><testcase classname="backend.tests.test_viewclip_iteration6.TestRegressionIteration5" name="test_streams_list" time="0.101" /><testcase classname="backend.tests.test_viewclip_iteration6.TestCleanup" name="test_cleanup_disable_2fa" time="0.230" /></testsuite></testsuites>