<?xml version="1.0" encoding="utf-8"?><testsuites name="pytest tests"><testsuite name="pytest" errors="0" failures="0" skipped="0" tests="37" time="8.587" timestamp="2026-04-18T07:04:02.429024+00:00" hostname="agent-env-1c2fa28a-5ff8-4349-be84-8c674f1a1b3b"><testcase classname="backend.tests.test_viewclip_iteration5.TestNewModulesExist" name="test_health_shows_stripe_mode" time="0.567" /><testcase classname="backend.tests.test_viewclip_iteration5.TestNewModulesExist" name="test_health_shows_livestream_mode" time="0.116" /><testcase classname="backend.tests.test_viewclip_iteration5.TestLiveStreamProvisioning" name="test_create_stream_returns_ingest_url" time="0.165" /><testcase classname="backend.tests.test_viewclip_iteration5.TestLiveStreamProvisioning" name="test_create_stream_returns_playback_url" time="0.150" /><testcase classname="backend.tests.test_viewclip_iteration5.TestLiveStreamProvisioning" name="test_create_stream_returns_live_mode" time="0.108" /><testcase classname="backend.tests.test_viewclip_iteration5.TestLiveStreamProvisioning" name="test_create_stream_returns_stream_key" time="0.123" /><testcase classname="backend.tests.test_viewclip_iteration5.TestLiveStreamEnd" name="test_end_stream_no_error_mock_mode" time="0.221" /><testcase classname="backend.tests.test_viewclip_iteration5.TestStripeConnectOnboard" name="test_connect_onboard_returns_mock_response" time="0.493" /><testcase classname="backend.tests.test_viewclip_iteration5.TestStripeConnectOnboard" name="test_connect_onboard_sets_user_status_active" time="0.258" /><testcase classname="backend.tests.test_viewclip_iteration5.TestStripeConnectStatus" name="test_connect_status_no_account" time="0.428" /><testcase classname="backend.tests.test_viewclip_iteration5.TestSubscriptionCheckout" name="test_checkout_subscribe_returns_url" time="0.681" /><testcase classname="backend.tests.test_viewclip_iteration5.TestSubscriptionCheckout" name="test_checkout_subscribe_session_id_format" time="0.597" /><testcase classname="backend.tests.test_viewclip_iteration5.TestSubscriptionCheckout" name="test_checkout_subscribe_recurring_false_mock" time="0.477" /><testcase classname="backend.tests.test_viewclip_iteration5.TestSubscriptionCancel" name="test_cancel_subscription_404_no_subscription" time="0.447" /><testcase classname="backend.tests.test_viewclip_iteration5.TestAdminPayouts" name="test_trigger_payouts_returns_real_mode_false" time="0.115" /><testcase classname="backend.tests.test_viewclip_iteration5.TestAdminPayouts" name="test_trigger_payouts_creates_mock_payouts" time="0.233" /><testcase classname="backend.tests.test_viewclip_iteration5.TestKeyRotation" name="test_rotate_keys_after_banking_preserves_data" time="0.521" /><testcase classname="backend.tests.test_viewclip_iteration5.TestAdminStreamingProviders" name="test_providers_includes_gcp_livestream" time="0.109" /><testcase classname="backend.tests.test_viewclip_iteration5.TestAdminStreamingProviders" name="test_providers_gcp_not_configured" time="0.102" /><testcase classname="backend.tests.test_viewclip_iteration5.TestAdminStreamingProviders" name="test_providers_active_cost_zero" time="0.107" /><testcase classname="backend.tests.test_viewclip_iteration5.TestRegressionIteration4" name="test_system_health_3_layers" time="0.119" /><testcase classname="backend.tests.test_viewclip_iteration5.TestRegressionIteration4" name="test_vault_banking_encryption" time="0.106" /><testcase classname="backend.tests.test_viewclip_iteration5.TestRegressionIteration4" name="test_firewall_rate_limit" time="0.108" /><testcase classname="backend.tests.test_viewclip_iteration5.TestRegressionIteration4" name="test_direct_gifting_requires_recipient" time="0.109" /><testcase classname="backend.tests.test_viewclip_iteration5.TestRegressionIteration4" name="test_promos_exist" time="0.109" /><testcase classname="backend.tests.test_viewclip_iteration5.TestRegressionIteration4" name="test_referrals_my" time="0.101" /><testcase classname="backend.tests.test_viewclip_iteration5.TestRegressionIteration4" name="test_notifications" time="0.116" /><testcase classname="backend.tests.test_viewclip_iteration5.TestRegressionIteration4" name="test_search" time="0.103" /><testcase classname="backend.tests.test_viewclip_iteration5.TestRegressionIteration4" name="test_trending" time="0.102" /><testcase classname="backend.tests.test_viewclip_iteration5.TestRegressionIteration4" name="test_admin_stats" time="0.108" /><testcase classname="backend.tests.test_viewclip_iteration5.TestRegressionIteration4" name="test_admin_settings" time="0.105" /><testcase classname="backend.tests.test_viewclip_iteration5.TestRegressionIteration4" name="test_content_list" time="0.100" /><testcase classname="backend.tests.test_viewclip_iteration5.TestRegressionIteration4" name="test_streams_list" time="0.108" /><testcase classname="backend.tests.test_viewclip_iteration5.TestRegressionIteration4" name="test_gift_tiers" time="0.110" /><testcase classname="backend.tests.test_viewclip_iteration5.TestRegressionIteration4" name="test_auth_register" time="0.325" /><testcase classname="backend.tests.test_viewclip_iteration5.TestRegressionIteration4" name="test_subscription_checkout" time="0.529" /><testcase classname="backend.tests.test_viewclip_iteration5.TestVersionCheck" name="test_version_1_2_0" time="0.105" /></testsuite></testsuites>