<?xml version="1.0" encoding="utf-8"?><testsuites name="pytest tests"><testsuite name="pytest" errors="0" failures="0" skipped="3" tests="15" time="17.650" timestamp="2026-04-18T07:55:06.942674+00:00" hostname="agent-env-1c2fa28a-5ff8-4349-be84-8c674f1a1b3b"><testcase classname="backend.tests.test_viewclip_iteration7.TestPublicHealthEndpoints" name="test_health_endpoint_public_no_auth" time="0.214" /><testcase classname="backend.tests.test_viewclip_iteration7.TestPublicHealthEndpoints" name="test_ready_endpoint_public_no_auth" time="0.132" /><testcase classname="backend.tests.test_viewclip_iteration7.TestXRequestIDMiddleware" name="test_response_has_x_request_id" time="0.142" /><testcase classname="backend.tests.test_viewclip_iteration7.TestXRequestIDMiddleware" name="test_x_request_id_echoed_back" time="0.099" /><testcase classname="backend.tests.test_viewclip_iteration7.TestAdminSystemHealth" name="test_admin_system_health_version" time="0.452" /><testcase classname="backend.tests.test_viewclip_iteration7.TestTOTPEncryptionAndRecoveryCodes" name="test_2fa_enable_returns_recovery_codes" time="2.702" /><testcase classname="backend.tests.test_viewclip_iteration7.TestTOTPEncryptionAndRecoveryCodes" name="test_login_with_recovery_code_works" time="0.356"><skipped type="pytest.skip" message="2FA is enabled - need to disable first">/app/backend/tests/test_viewclip_iteration7.py:155: 2FA is enabled - need to disable first</skipped></testcase><testcase classname="backend.tests.test_viewclip_iteration7.TestTOTPEncryptionAndRecoveryCodes" name="test_recovery_code_cannot_be_reused" time="0.327"><skipped type="pytest.skip" message="2FA is enabled - need to disable first">/app/backend/tests/test_viewclip_iteration7.py:180: 2FA is enabled - need to disable first</skipped></testcase><testcase classname="backend.tests.test_viewclip_iteration7.TestTOTPEncryptionAndRecoveryCodes" name="test_audit_log_recovery_used" time="0.329"><skipped type="pytest.skip" message="2FA is enabled - need to disable first">/app/backend/tests/test_viewclip_iteration7.py:196: 2FA is enabled - need to disable first</skipped></testcase><testcase classname="backend.tests.test_viewclip_iteration7.TestRecoveryCodeRegeneration" name="test_regenerate_recovery_codes" time="2.915" /><testcase classname="backend.tests.test_viewclip_iteration7.TestRecoveryCodeRegeneration" name="test_old_codes_invalidated_after_regenerate" time="3.200" /><testcase classname="backend.tests.test_viewclip_iteration7.TestKeyRotationReencryptsTOTP" name="test_rotate_keys_includes_totp_counts" time="0.657" /><testcase classname="backend.tests.test_viewclip_iteration7.TestKeyRotationReencryptsTOTP" name="test_totp_still_works_after_key_rotation" time="1.991" /><testcase classname="backend.tests.test_viewclip_iteration7.Test2FADisableAfterEncryption" name="test_2fa_disable_with_encrypted_secret" time="0.683" /><testcase classname="backend.tests.test_viewclip_iteration7.TestAnomalyAlerts" name="test_brute_force_alert_after_3_failures" time="3.370" /></testsuite></testsuites>