<?xml version="1.0" encoding="utf-8"?><testsuites name="pytest tests"><testsuite name="pytest" errors="0" failures="0" skipped="0" tests="43" time="13.334" timestamp="2026-04-19T00:36:49.272546+00:00" hostname="agent-env-1c2fa28a-5ff8-4349-be84-8c674f1a1b3b"><testcase classname="tests.test_viewclip_iteration8.TestPublicHealthProbes" name="test_health_endpoint_public" time="0.267" /><testcase classname="tests.test_viewclip_iteration8.TestPublicHealthProbes" name="test_ready_endpoint_public" time="0.118" /><testcase classname="tests.test_viewclip_iteration8.TestPublicHealthProbes" name="test_x_request_id_header" time="0.116" /><testcase classname="tests.test_viewclip_iteration8.TestPublicHealthProbes" name="test_x_request_id_echoed" time="0.119" /><testcase classname="tests.test_viewclip_iteration8.TestNotifications" name="test_notifications_requires_auth" time="0.136" /><testcase classname="tests.test_viewclip_iteration8.TestNotifications" name="test_notifications_list" time="0.500" /><testcase classname="tests.test_viewclip_iteration8.TestNotifications" name="test_mark_notification_read" time="0.244" /><testcase classname="tests.test_viewclip_iteration8.TestNotifications" name="test_mark_all_read" time="0.119" /><testcase classname="tests.test_viewclip_iteration8.TestSocialEndpoints" name="test_referrals_my" time="0.107" /><testcase classname="tests.test_viewclip_iteration8.TestSocialEndpoints" name="test_referrals_leaderboard" time="0.104" /><testcase classname="tests.test_viewclip_iteration8.TestSocialEndpoints" name="test_referrals_validate_code" time="0.229" /><testcase classname="tests.test_viewclip_iteration8.TestSocialEndpoints" name="test_referrals_validate_invalid_code" time="0.117" /><testcase classname="tests.test_viewclip_iteration8.TestSocialEndpoints" name="test_search_endpoint" time="0.112" /><testcase classname="tests.test_viewclip_iteration8.TestSocialEndpoints" name="test_trending_endpoint" time="0.113" /><testcase classname="tests.test_viewclip_iteration8.TestSocialEndpoints" name="test_follow_status" time="0.575" /><testcase classname="tests.test_viewclip_iteration8.TestSocialEndpoints" name="test_follow_unfollow_flow" time="0.694" /><testcase classname="tests.test_viewclip_iteration8.TestSocialEndpoints" name="test_my_follows" time="0.113" /><testcase classname="tests.test_viewclip_iteration8.TestOAuthEndpoints" name="test_oauth_youtube_start_mock" time="0.113" /><testcase classname="tests.test_viewclip_iteration8.TestOAuthEndpoints" name="test_oauth_twitch_start_mock" time="0.122" /><testcase classname="tests.test_viewclip_iteration8.TestOAuthEndpoints" name="test_oauth_start_unknown_provider" time="0.106" /><testcase classname="tests.test_viewclip_iteration8.TestOAuthEndpoints" name="test_oauth_connections" time="0.114" /><testcase classname="tests.test_viewclip_iteration8.TestOAuthEndpoints" name="test_oauth_disconnect_not_connected" time="0.127" /><testcase classname="tests.test_viewclip_iteration8.TestOAuthEndpoints" name="test_oauth_disconnect_unknown_provider" time="0.123" /><testcase classname="tests.test_viewclip_iteration8.TestOAuthEndpoints" name="test_oauth_callback_error" time="0.114" /><testcase classname="tests.test_viewclip_iteration8.TestOAuthEndpoints" name="test_oauth_callback_missing_params" time="0.116" /><testcase classname="tests.test_viewclip_iteration8.TestOAuthEndpoints" name="test_oauth_callback_invalid_state" time="0.111" /><testcase classname="tests.test_viewclip_iteration8.TestStreamExport" name="test_export_youtube_mock" time="0.513" /><testcase classname="tests.test_viewclip_iteration8.TestStreamExport" name="test_export_twitch_mock" time="0.578" /><testcase classname="tests.test_viewclip_iteration8.TestStreamExport" name="test_export_x_platform" time="0.474" /><testcase classname="tests.test_viewclip_iteration8.TestStreamExport" name="test_export_custom_platform" time="0.476" /><testcase classname="tests.test_viewclip_iteration8.TestStreamExport" name="test_export_unsaved_stream_fails" time="0.336" /><testcase classname="tests.test_viewclip_iteration8.TestAdmin2FARegression" name="test_2fa_status" time="0.122" /><testcase classname="tests.test_viewclip_iteration8.TestAdmin2FARegression" name="test_2fa_setup_enable_disable_flow" time="3.908" /><testcase classname="tests.test_viewclip_iteration8.TestPaymentsRegression" name="test_gift_tiers" time="0.128" /><testcase classname="tests.test_viewclip_iteration8.TestPaymentsRegression" name="test_subscription_checkout" time="0.696" /><testcase classname="tests.test_viewclip_iteration8.TestPaymentsRegression" name="test_connect_onboard_mock" time="0.153" /><testcase classname="tests.test_viewclip_iteration8.TestContentStreamsRegression" name="test_content_list" time="0.108" /><testcase classname="tests.test_viewclip_iteration8.TestContentStreamsRegression" name="test_streams_list" time="0.132" /><testcase classname="tests.test_viewclip_iteration8.TestContentStreamsRegression" name="test_promos_list" time="0.109" /><testcase classname="tests.test_viewclip_iteration8.TestAdminSystemHealthRegression" name="test_admin_system_health" time="0.118" /><testcase classname="tests.test_viewclip_iteration8.TestAdminSystemHealthRegression" name="test_admin_audit_log" time="0.115" /><testcase classname="tests.test_viewclip_iteration8.TestAdminSystemHealthRegression" name="test_key_rotation" time="0.138" /><testcase classname="tests.test_viewclip_iteration8.TestCleanup" name="test_cleanup_disable_2fa" time="0.269" /></testsuite></testsuites>