<?xml version="1.0" encoding="utf-8"?><testsuites name="pytest tests"><testsuite name="pytest" errors="0" failures="0" skipped="0" tests="39" time="13.766" timestamp="2026-04-18T06:08:17.379237+00:00" hostname="agent-env-1c2fa28a-5ff8-4349-be84-8c674f1a1b3b"><testcase classname="backend.tests.test_viewclip_iteration4.TestAdminSystemHealth" name="test_system_health_returns_version" time="0.585" /><testcase classname="backend.tests.test_viewclip_iteration4.TestAdminSystemHealth" name="test_system_health_returns_uptime" time="0.118" /><testcase classname="backend.tests.test_viewclip_iteration4.TestAdminSystemHealth" name="test_system_health_returns_3_layer_ping" time="0.109" /><testcase classname="backend.tests.test_viewclip_iteration4.TestAdminSystemHealth" name="test_system_health_returns_request_counter" time="0.101" /><testcase classname="backend.tests.test_viewclip_iteration4.TestAdminSystemHealth" name="test_system_health_returns_firewall_stats" time="0.106" /><testcase classname="backend.tests.test_viewclip_iteration4.TestAdminSystemHealth" name="test_system_health_returns_encryption_info" time="0.098" /><testcase classname="backend.tests.test_viewclip_iteration4.TestAdminSystemHealth" name="test_system_health_requires_admin" time="0.102" /><testcase classname="backend.tests.test_viewclip_iteration4.TestStreamingProviders" name="test_get_providers_returns_current_and_list" time="0.103" /><testcase classname="backend.tests.test_viewclip_iteration4.TestStreamingProviders" name="test_get_providers_has_all_4_providers" time="0.105" /><testcase classname="backend.tests.test_viewclip_iteration4.TestStreamingProviders" name="test_switch_provider_logs_event" time="0.097" /><testcase classname="backend.tests.test_viewclip_iteration4.TestStreamingProviders" name="test_switch_provider_invalid_returns_400" time="0.101" /><testcase classname="backend.tests.test_viewclip_iteration4.TestAdminSystemActions" name="test_reload_settings_returns_settings" time="0.107" /><testcase classname="backend.tests.test_viewclip_iteration4.TestAdminSystemActions" name="test_deploy_update_returns_version" time="0.104" /><testcase classname="backend.tests.test_viewclip_iteration4.TestAdminSystemActions" name="test_rotate_keys_logs_event" time="0.106" /><testcase classname="backend.tests.test_viewclip_iteration4.TestAdminEventsAudit" name="test_get_system_events" time="0.101" /><testcase classname="backend.tests.test_viewclip_iteration4.TestAdminEventsAudit" name="test_get_audit_log" time="0.110" /><testcase classname="backend.tests.test_viewclip_iteration4.TestVaultBanking" name="test_get_banking_fresh_user" time="0.432" /><testcase classname="backend.tests.test_viewclip_iteration4.TestVaultBanking" name="test_post_banking_encrypts_and_stores" time="0.105" /><testcase classname="backend.tests.test_viewclip_iteration4.TestVaultBanking" name="test_get_banking_returns_masked" time="0.215" /><testcase classname="backend.tests.test_viewclip_iteration4.TestVaultBanking" name="test_banking_writes_audit_log" time="0.217" /><testcase classname="backend.tests.test_viewclip_iteration4.TestEarningsAnyUser" name="test_get_earnings_viewer" time="0.459" /><testcase classname="backend.tests.test_viewclip_iteration4.TestEarningsAnyUser" name="test_get_earnings_total_viewer" time="0.427" /><testcase classname="backend.tests.test_viewclip_iteration4.TestDirectGifting" name="test_gift_send_requires_stream_or_recipient" time="0.101" /><testcase classname="backend.tests.test_viewclip_iteration4.TestDirectGifting" name="test_gift_send_accepts_recipient_id" time="0.767" /><testcase classname="backend.tests.test_viewclip_iteration4.TestDefaultPromos" name="test_promos_exist" time="0.105" /><testcase classname="backend.tests.test_viewclip_iteration4.TestDefaultPromos" name="test_promos_have_viewclip_branding" time="0.100" /><testcase classname="backend.tests.test_viewclip_iteration4.TestFirewallRateLimit" name="test_rate_limit_triggers_429" time="6.506" /><testcase classname="backend.tests.test_viewclip_iteration4.TestRegressionIteration3" name="test_referrals_my" time="0.113" /><testcase classname="backend.tests.test_viewclip_iteration4.TestRegressionIteration3" name="test_referrals_leaderboard" time="0.101" /><testcase classname="backend.tests.test_viewclip_iteration4.TestRegressionIteration3" name="test_notifications" time="0.102" /><testcase classname="backend.tests.test_viewclip_iteration4.TestRegressionIteration3" name="test_search" time="0.098" /><testcase classname="backend.tests.test_viewclip_iteration4.TestRegressionIteration3" name="test_trending" time="0.118" /><testcase classname="backend.tests.test_viewclip_iteration4.TestRegressionIteration3" name="test_admin_stats" time="0.115" /><testcase classname="backend.tests.test_viewclip_iteration4.TestRegressionIteration3" name="test_admin_settings" time="0.105" /><testcase classname="backend.tests.test_viewclip_iteration4.TestRegressionIteration3" name="test_content_list" time="0.097" /><testcase classname="backend.tests.test_viewclip_iteration4.TestRegressionIteration3" name="test_streams_list" time="0.103" /><testcase classname="backend.tests.test_viewclip_iteration4.TestRegressionIteration3" name="test_gift_tiers" time="0.103" /><testcase classname="backend.tests.test_viewclip_iteration4.TestRegressionIteration3" name="test_auth_register" time="0.330" /><testcase classname="backend.tests.test_viewclip_iteration4.TestRegressionIteration3" name="test_subscription_checkout" time="0.676" /></testsuite></testsuites>